2026-01-10 16:58:29,599 - __main__ - INFO - Connecting to broker.
2026-01-10 16:59:42,502 - __main__ - INFO - {'header': {'text': 'Smart Station Entry'}, 'subheader': {'text': 'Avvicina il tuo qrcode al lettore'}, 'title': {'text': None}, 'body': {'text': None}, 'plc': {'id': 9900001}, 'server': {'address': '192.168.178.21', 'port': 8080, 'enpoint-validation': '/ssc/api/location/opener'}, 'mqtt': {'broker': 'mqtt.back-iot.it', 'port': 1883, 'topic': 'ssc/reservation', 'client_id': '14AV61Z', 'username': 'jackarian', 'password': 'knl3M00coj'}, 'station': {'name': 'Sala Piccola', 'tag': 'IN00164'}}
2026-01-10 16:59:42,510 - __main__ - INFO - Connecting to broker.
2026-01-10 17:01:25,878 - __main__ - INFO - Connecting to broker.
2026-01-10 17:02:49,914 - __main__ - INFO - {'header': {'text': 'Smart Station Entry'}, 'subheader': {'text': 'Avvicina il tuo qrcode al lettore'}, 'title': {'text': None}, 'body': {'text': None}, 'plc': {'id': 9900001}, 'server': {'address': '192.168.178.21', 'port': 8080, 'enpoint-validation': '/ssc/api/location/opener'}, 'mqtt': {'broker': 'mqtt.back-iot.it', 'port': 1883, 'topic': 'ssc/reservation', 'client_id': '14AV61Z', 'username': 'jackarian', 'password': 'knl3M00coj'}, 'station': {'name': 'Sala Piccola', 'tag': 'IN00164'}}
2026-01-10 17:02:49,922 - __main__ - INFO - Connecting to broker.
2026-01-10 17:07:32,366 - __main__ - INFO - Connecting to broker.
2026-01-10 18:17:56,724 - __main__ - INFO - {'header': {'text': 'Smart Station Entry'}, 'subheader': {'text': 'Avvicina il tuo qrcode al lettore'}, 'title': {'text': None}, 'body': {'text': None}, 'plc': {'id': 9900001}, 'server': {'address': '192.168.178.21', 'port': 8080, 'enpoint-validation': '/ssc/api/location/opener'}, 'mqtt': {'broker': 'mqtt.back-iot.it', 'port': 1883, 'topic': 'ssc/reservation', 'client_id': '14AV61Z', 'username': 'jackarian', 'password': 'knl3M00coj'}, 'station': {'name': 'Sala Piccola', 'tag': 'IN00164'}}
2026-01-10 18:17:56,733 - __main__ - INFO - Connecting to broker.
2026-01-10 18:20:51,321 - __main__ - INFO - {'header': {'text': 'Smart Station Entry'}, 'subheader': {'text': 'Avvicina il tuo qrcode al lettore'}, 'title': {'text': None}, 'body': {'text': None}, 'plc': {'id': 9900001}, 'server': {'address': '192.168.178.21', 'port': 8080, 'enpoint-validation': '/ssc/api/location/opener'}, 'mqtt': {'broker': 'mqtt.back-iot.it', 'port': 1883, 'topic': 'ssc/reservation', 'client_id': '14AV61Z', 'username': 'jackarian', 'password': 'knl3M00coj'}, 'station': {'name': 'Sala Piccola', 'tag': 'IN00164'}}
2026-01-10 18:20:51,333 - __main__ - INFO - Connecting to broker.
2026-01-10 18:21:01,598 - __main__ - INFO - Connecting to broker.
2026-01-10 18:21:11,855 - __main__ - INFO - Connecting to broker.
2026-01-10 18:21:22,117 - __main__ - INFO - Connecting to broker.
2026-01-10 18:22:54,704 - __main__ - INFO - Connecting to broker.
2026-01-10 18:26:03,300 - __main__ - INFO - {'header': {'text': 'Smart Station Entry'}, 'subheader': {'text': 'Avvicina il tuo qrcode al lettore'}, 'title': {'text': None}, 'body': {'text': None}, 'plc': {'id': 9900001}, 'server': {'address': '192.168.178.21', 'port': 8080, 'enpoint-validation': '/ssc/api/location/opener'}, 'mqtt': {'broker': 'mqtt.back-iot.it', 'port': 1883, 'topic': 'ssc/reservation', 'client_id': '14AV61Z', 'username': 'jackarian', 'password': 'knl3M00coj'}, 'station': {'name': 'Sala Piccola', 'tag': 'IN00164'}}
2026-01-10 18:26:03,308 - __main__ - INFO - Connecting to broker.
2026-01-10 18:26:13,574 - __main__ - INFO - Connecting to broker.
2026-01-10 18:26:23,830 - __main__ - INFO - Connecting to broker.
2026-01-10 18:29:20,140 - __main__ - INFO - {'header': {'text': 'Smart Station Entry'}, 'subheader': {'text': 'Avvicina il tuo qrcode al lettore'}, 'title': {'text': None}, 'body': {'text': None}, 'plc': {'id': 9900001}, 'server': {'address': '192.168.178.21', 'port': 8080, 'enpoint-validation': '/ssc/api/location/opener'}, 'mqtt': {'broker': 'mqtt.back-iot.it', 'port': 1883, 'topic': 'ssc/reservation', 'client_id': '14AV61Z', 'username': 'jackarian', 'password': 'knl3M00coj'}, 'station': {'name': 'Sala Piccola', 'tag': 'IN00164'}}
2026-01-10 18:29:20,148 - __main__ - INFO - Connecting to broker.
2026-01-10 18:29:30,417 - __main__ - INFO - Connecting to broker.
2026-01-10 18:30:55,030 - __main__ - INFO - {'header': {'text': 'Smart Station Entry'}, 'subheader': {'text': 'Avvicina il tuo qrcode al lettore'}, 'title': {'text': None}, 'body': {'text': None}, 'plc': {'id': 9900001}, 'server': {'address': '192.168.178.21', 'port': 8080, 'enpoint-validation': '/ssc/api/location/opener'}, 'mqtt': {'broker': 'mqtt.back-iot.it', 'port': 1883, 'topic': 'ssc/reservation', 'client_id': '14AV61Z', 'username': 'jackarian', 'password': 'knl3M00coj'}, 'station': {'name': 'Sala Piccola', 'tag': 'IN00164'}}
2026-01-10 18:30:55,038 - __main__ - INFO - Connecting to broker.
2026-01-10 18:31:05,310 - __main__ - INFO - Connecting to broker.
2026-01-10 18:32:06,402 - __main__ - INFO - {'header': {'text': 'Smart Station Entry'}, 'subheader': {'text': 'Avvicina il tuo qrcode al lettore'}, 'title': {'text': None}, 'body': {'text': None}, 'plc': {'id': 9900001}, 'server': {'address': '192.168.178.21', 'port': 8080, 'enpoint-validation': '/ssc/api/location/opener'}, 'mqtt': {'broker': 'mqtt.back-iot.it', 'port': 1883, 'topic': 'ssc/reservation', 'client_id': '14AV61Z', 'username': 'jackarian', 'password': 'knl3M00coj'}, 'station': {'name': 'Sala Piccola', 'tag': 'IN00164'}}
2026-01-10 18:32:06,413 - __main__ - INFO - Connecting to broker.
2026-01-10 18:32:11,954 - __main__ - INFO - Connecting to broker.
2026-01-10 18:36:50,307 - __main__ - INFO - {'header': {'text': 'Smart Station Entry'}, 'subheader': {'text': 'Avvicina il tuo qrcode al lettore'}, 'title': {'text': None}, 'body': {'text': None}, 'plc': {'id': 9900001}, 'server': {'address': '192.168.178.21', 'port': 8080, 'enpoint-validation': '/ssc/api/location/opener'}, 'mqtt': {'broker': 'mqtt.back-iot.it', 'port': 1883, 'topic': 'ssc/reservation', 'client_id': '14AV61Z', 'username': 'jackarian', 'password': 'knl3M00coj'}, 'station': {'name': 'Sala Piccola', 'tag': 'IN00164'}}
2026-01-10 18:36:50,317 - __main__ - INFO - Connecting to broker.
2026-01-10 18:36:53,192 - __main__ - INFO - Connecting to broker.
2026-01-10 18:38:57,156 - __main__ - INFO - {'header': {'text': 'Smart Station Entry'}, 'subheader': {'text': 'Avvicina il tuo qrcode al lettore'}, 'title': {'text': None}, 'body': {'text': None}, 'plc': {'id': 9900001}, 'server': {'address': '192.168.178.21', 'port': 8080, 'enpoint-validation': '/ssc/api/location/opener'}, 'mqtt': {'broker': 'mqtt.back-iot.it', 'port': 1883, 'topic': 'ssc/reservation', 'client_id': '14AV61Z', 'username': 'jackarian', 'password': 'knl3M00coj'}, 'station': {'name': 'Sala Piccola', 'tag': 'IN00164'}}
2026-01-10 18:38:57,182 - __main__ - INFO - Connecting to broker.
2026-01-10 18:38:57,197 - __main__ - ERROR - None
2026-01-10 18:38:58,447 - __main__ - ERROR - Connection to ws://totem.padova:8080/ssc/prenostazione-risorse/websocket timed out
2026-01-10 18:38:59,996 - __main__ - INFO - Connecting to broker.
2026-01-10 18:38:59,999 - __main__ - ERROR - None
2026-01-10 18:39:01,249 - __main__ - ERROR - Connection to ws://totem.padova:8080/ssc/prenostazione-risorse/websocket timed out
2026-01-10 18:40:53,743 - __main__ - INFO - {'header': {'text': 'Smart Station Entry'}, 'subheader': {'text': 'Avvicina il tuo qrcode al lettore'}, 'title': {'text': None}, 'body': {'text': None}, 'plc': {'id': 9900001}, 'server': {'address': '192.168.178.21', 'port': 8080, 'enpoint-validation': '/ssc/api/location/opener'}, 'mqtt': {'broker': 'mqtt.back-iot.it', 'port': 1883, 'topic': 'ssc/reservation', 'client_id': '14AV61Z', 'username': 'jackarian', 'password': 'knl3M00coj'}, 'station': {'name': 'Sala Piccola', 'tag': 'IN00164'}}
2026-01-10 18:40:53,759 - __main__ - INFO - Connecting to broker.
2026-01-10 18:40:53,769 - __main__ - ERROR - None
2026-01-10 18:40:55,019 - __main__ - ERROR - Connection to ws://totem.padova:8080/ssc/prenostazione-risorse/websocket timed out
2026-01-10 18:40:55,963 - __main__ - INFO - Connecting to broker.
2026-01-10 18:40:55,965 - __main__ - ERROR - None
2026-01-10 18:40:57,216 - __main__ - ERROR - Connection to ws://totem.padova:8080/ssc/prenostazione-risorse/websocket timed out
2026-01-10 18:40:58,624 - __main__ - INFO - Connecting to broker.
2026-01-10 18:40:58,627 - __main__ - ERROR - None
2026-01-10 18:40:59,877 - __main__ - ERROR - Connection to ws://totem.padova:8080/ssc/prenostazione-risorse/websocket timed out
2026-01-10 18:49:21,036 - __main__ - INFO - Connecting to broker.
2026-01-10 19:08:56,116 - __main__ - INFO - {'header': {'text': 'Smart Station Entry'}, 'subheader': {'text': 'Avvicina il tuo qrcode al lettore'}, 'title': {'text': None}, 'body': {'text': None}, 'plc': {'id': 9900001}, 'server': {'address': '192.168.178.21', 'port': 8080, 'enpoint-validation': '/ssc/api/location/opener'}, 'mqtt': {'broker': 'mqtt.back-iot.it', 'port': 1883, 'topic': 'ssc/reservation', 'client_id': '14AV61Z', 'username': 'jackarian', 'password': 'knl3M00coj'}, 'station': {'name': 'Sala Piccola', 'tag': 'IN00164'}}
2026-01-10 19:08:56,134 - __main__ - INFO - Connecting to broker.
2026-01-10 19:11:00,929 - __main__ - INFO - {'header': {'text': 'Smart Station Entry'}, 'subheader': {'text': 'Avvicina il tuo qrcode al lettore'}, 'title': {'text': None}, 'body': {'text': None}, 'plc': {'id': 9900001}, 'server': {'address': '192.168.178.21', 'port': 8080, 'enpoint-validation': '/ssc/api/location/opener'}, 'mqtt': {'broker': 'mqtt.back-iot.it', 'port': 1883, 'topic': 'ssc/reservation', 'client_id': '14AV61Z', 'username': 'jackarian', 'password': 'knl3M00coj'}, 'station': {'name': 'Sala Piccola', 'tag': 'IN00164'}}
2026-01-10 19:11:00,942 - __main__ - INFO - Connecting to broker.
2026-01-10 19:17:32,186 - __main__ - INFO - {'header': {'text': 'Smart Station Entry'}, 'subheader': {'text': 'Avvicina il tuo qrcode al lettore'}, 'title': {'text': None}, 'body': {'text': None}, 'plc': {'id': 9900001}, 'server': {'address': 'totem.padova', 'port': 8080, 'resource': '/ssc', 'enpoint-validation': '/ssc/api/location/opener'}, 'mqtt': {'broker': 'mqtt.back-iot.it', 'port': 1883, 'topic': 'ssc/reservation', 'client_id': '14AV61Z', 'username': 'jackarian', 'password': 'knl3M00coj'}, 'station': {'name': 'Sala Piccola', 'tag': 'IN00164'}}
2026-01-10 19:18:10,502 - __main__ - INFO - {'header': {'text': 'Smart Station Entry'}, 'subheader': {'text': 'Avvicina il tuo qrcode al lettore'}, 'title': {'text': None}, 'body': {'text': None}, 'plc': {'id': 9900001}, 'server': {'address': 'totem.padova', 'port': 8080, 'resource': '/ssc', 'enpoint-validation': '/ssc/api/location/opener'}, 'mqtt': {'broker': 'mqtt.back-iot.it', 'port': 1883, 'topic': 'ssc/reservation', 'client_id': '14AV61Z', 'username': 'jackarian', 'password': 'knl3M00coj'}, 'station': {'name': 'Sala Piccola', 'tag': 'IN00164'}}
2026-01-10 19:18:58,135 - __main__ - INFO - {'header': {'text': 'Smart Station Entry'}, 'subheader': {'text': 'Avvicina il tuo qrcode al lettore'}, 'title': {'text': None}, 'body': {'text': None}, 'plc': {'id': 9900001}, 'server': {'address': 'totem.padova', 'port': 8080, 'resource': '/ssc', 'enpoint-validation': '/ssc/api/location/opener'}, 'mqtt': {'broker': 'mqtt.back-iot.it', 'port': 1883, 'topic': 'ssc/reservation', 'client_id': '14AV61Z', 'username': 'jackarian', 'password': 'knl3M00coj'}, 'station': {'name': 'Sala Piccola', 'tag': 'IN00164'}}
2026-01-10 19:18:58,148 - __main__ - INFO - Connecting to broker.
2026-01-10 19:22:04,369 - __main__ - INFO - {'header': {'text': 'Smart Station Entry'}, 'subheader': {'text': 'Avvicina il tuo qrcode al lettore'}, 'title': {'text': None}, 'body': {'text': None}, 'plc': {'id': 9900001}, 'server': {'proto': 'http', 'address': 'totem.padova', 'port': 8080, 'resource': '/ssc', 'enpoint-validation': '/ssc/api/location/opener'}, 'mqtt': {'broker': 'mqtt.back-iot.it', 'port': 1883, 'topic': 'ssc/reservation', 'client_id': '14AV61Z', 'username': 'jackarian', 'password': 'knl3M00coj'}, 'station': {'name': 'Sala Piccola', 'tag': 'IN00164'}}
2026-01-10 19:22:04,377 - __main__ - INFO - Connecting to broker.
2026-01-10 19:47:00,116 - __main__ - INFO - {'header': {'text': 'Smart Station Entry'}, 'subheader': {'text': 'Avvicina il tuo qrcode al lettore'}, 'title': {'text': None}, 'body': {'text': None}, 'plc': {'id': 9900001}, 'server': {'proto': 'http', 'address': 'totem.padova', 'port': 8080, 'resource': '/ssc', 'enpoint-validation': '/ssc/api/location/opener'}, 'mqtt': {'broker': 'mqtt.back-iot.it', 'port': 1883, 'topic': 'ssc/reservation', 'client_id': 'IN00164', 'username': 'jackarian', 'password': 'knl3M00coj'}, 'station': {'name': 'Sala Piccola', 'tag': 'IN00164'}}
2026-01-10 19:47:00,130 - __main__ - INFO - Connecting to broker.
2026-01-10 19:47:00,141 - __main__ - ERROR - None
2026-01-10 19:47:05,393 - __main__ - ERROR - Connection to ws://totem.padova:8080/ssc/prenostazione-risorse/websocket timed out
2026-01-10 19:47:18,995 - __main__ - INFO - Connecting to broker.
2026-01-10 19:47:19,016 - __main__ - ERROR - None
2026-01-10 19:47:24,247 - __main__ - ERROR - Connection to ws://totem.padova:8080/ssc/prenostazione-risorse/websocket timed out
2026-01-10 19:47:24,248 - __main__ - INFO - Connecting to broker.
2026-01-10 19:47:24,249 - __main__ - ERROR - None
2026-01-10 19:47:29,500 - __main__ - ERROR - Connection to ws://totem.padova:8080/ssc/prenostazione-risorse/websocket timed out
2026-01-10 19:47:29,500 - __main__ - INFO - Connecting to broker.
2026-01-10 19:47:32,348 - __main__ - INFO - <Response [200]>
2026-01-10 19:49:16,619 - __main__ - INFO - {'header': {'text': 'Smart Station Entry'}, 'subheader': {'text': 'Avvicina il tuo qrcode al lettore'}, 'title': {'text': None}, 'body': {'text': None}, 'plc': {'id': 9900001}, 'server': {'proto': 'http', 'address': 'totem.padova', 'port': 8080, 'resource': '/ssc', 'enpoint-validation': '/ssc/api/location/opener'}, 'mqtt': {'broker': 'mqtt.back-iot.it', 'port': 1883, 'topic': 'ssc/reservation', 'client_id': 'IN00164', 'username': 'jackarian', 'password': 'knl3M00coj'}, 'station': {'name': 'Sala Piccola', 'tag': 'IN00164'}}
2026-01-10 19:49:16,640 - __main__ - INFO - Connecting to broker.
2026-01-10 19:49:19,695 - __main__ - INFO - <Response [200]>
2026-01-11 15:05:34,181 - __main__ - INFO - {'header': {'text': 'Smart Station Entry'}, 'subheader': {'text': 'Avvicina il tuo qrcode al lettore'}, 'title': {'text': None}, 'body': {'text': None}, 'plc': {'id': 9900001}, 'server': {'proto': 'http', 'address': 'totem.padova', 'port': 8080, 'resource': '/ssc', 'enpoint-validation': '/ssc/api/location/opener'}, 'mqtt': {'broker': 'mqtt.back-iot.it', 'port': 1883, 'topic': 'ssc/reservation', 'client_id': 'IN00164', 'username': 'jackarian', 'password': 'knl3M00coj'}, 'station': {'name': 'Sala Piccola', 'tag': 'IN00164'}}
2026-01-11 15:05:34,199 - __main__ - INFO - Connecting to broker.
2026-01-11 15:05:37,297 - __main__ - INFO - <Response [200]>
2026-01-12 10:07:15,811 - __main__ - INFO - {'header': {'text': 'Smart Station Entry'}, 'subheader': {'text': 'Avvicina il tuo qrcode al lettore'}, 'title': {'text': None}, 'body': {'text': None}, 'plc': {'id': 9900001}, 'server': {'proto': 'http', 'address': 'totem.padova', 'port': 8080, 'resource': '/ssc', 'enpoint-validation': '/ssc/api/location/opener'}, 'mqtt': {'broker': 'mqtt.back-iot.it', 'port': 1883, 'topic': 'ssc/reservation', 'client_id': 'IN00164', 'username': 'jackarian', 'password': 'knl3M00coj'}, 'station': {'name': 'Sala Piccola', 'tag': 'IN00164'}}
2026-01-12 10:07:15,829 - __main__ - INFO - Connecting to broker.
2026-01-12 10:07:21,208 - __main__ - INFO - <Response [200]>
2026-01-13 23:04:17,284 - __main__ - INFO - {'header': {'text': 'Smart Station Entry'}, 'subheader': {'text': 'Avvicina il tuo qrcode al lettore'}, 'title': {'text': None}, 'body': {'text': None}, 'plc': {'id': 9900001}, 'server': {'proto': 'http', 'address': 'totem.padova', 'port': 8080, 'resource': '/ssc', 'enpoint-validation': '/ssc/api/location/opener'}, 'mqtt': {'broker': 'mqtt.back-iot.it', 'port': 1883, 'topic': 'ssc/reservation', 'client_id': 'IN00164', 'username': 'jackarian', 'password': 'knl3M00coj'}, 'station': {'name': 'Sala Piccola', 'tag': 'IN00164'}}
2026-01-13 23:04:17,304 - __main__ - INFO - Connecting to broker.
2026-01-13 23:04:22,570 - __main__ - ERROR - Connection to ws://totem.padova:8080/ssc/prenostazione-risorse/websocket timed out
2026-01-13 23:04:25,764 - __main__ - INFO - Connecting to broker.
2026-01-13 23:04:31,019 - __main__ - ERROR - Connection to ws://totem.padova:8080/ssc/prenostazione-risorse/websocket timed out
2026-01-13 23:06:30,859 - __main__ - ERROR - None
2026-01-13 23:06:39,051 - __main__ - ERROR - None
2026-01-13 23:06:56,366 - __main__ - INFO - Connecting to broker.
2026-01-13 23:07:01,619 - __main__ - ERROR - Connection to ws://totem.padova:8080/ssc/prenostazione-risorse/websocket timed out
2026-01-13 23:07:07,160 - __main__ - INFO - Connecting to broker.
2026-01-13 23:07:12,415 - __main__ - ERROR - Connection to ws://totem.padova:8080/ssc/prenostazione-risorse/websocket timed out
2026-01-13 23:08:52,509 - __main__ - INFO - {'header': {'text': 'Smart Station Entry'}, 'subheader': {'text': 'Avvicina il tuo qrcode al lettore'}, 'title': {'text': None}, 'body': {'text': None}, 'plc': {'id': 9900001}, 'server': {'proto': 'http', 'address': 'totem.padova', 'port': 8080, 'resource': '/ssc', 'enpoint-validation': '/ssc/api/location/opener'}, 'mqtt': {'broker': 'mqtt.back-iot.it', 'port': 1883, 'topic': 'ssc/reservation', 'client_id': 'IN00164', 'username': 'jackarian', 'password': 'knl3M00coj'}, 'station': {'name': 'Sala Piccola', 'tag': 'IN00164'}}
2026-01-13 23:08:52,517 - __main__ - INFO - Connecting to broker.
2026-01-13 23:11:05,292 - __main__ - INFO - <Response [500]>
2026-01-13 23:30:41,274 - __main__ - INFO - {'header': {'text': 'Smart Station Entry'}, 'subheader': {'text': 'Avvicina il tuo qrcode al lettore'}, 'title': {'text': None}, 'body': {'text': None}, 'plc': {'id': 9900001}, 'server': {'proto': 'http', 'address': 'totem.padova', 'port': 8080, 'resource': '/ssc', 'enpoint-validation': '/ssc/api/location/opener'}, 'mqtt': {'broker': 'mqtt.back-iot.it', 'port': 1883, 'topic': 'ssc/reservation', 'client_id': 'IN00164', 'username': 'jackarian', 'password': 'knl3M00coj'}, 'station': {'name': 'Sala Piccola', 'tag': 'IN00164'}}
2026-01-13 23:30:41,288 - __main__ - INFO - Connecting to broker.
2026-01-13 23:31:14,445 - __main__ - INFO - {'header': {'text': 'Smart Station Entry'}, 'subheader': {'text': 'Avvicina il tuo qrcode al lettore'}, 'title': {'text': None}, 'body': {'text': None}, 'plc': {'id': 9900001}, 'server': {'proto': 'http', 'address': 'totem.padova', 'port': 8080, 'resource': '/ssc', 'enpoint-validation': '/ssc/api/location/opener'}, 'mqtt': {'broker': 'mqtt.back-iot.it', 'port': 1883, 'topic': 'ssc/reservation', 'client_id': 'IN00164', 'username': 'jackarian', 'password': 'knl3M00coj'}, 'station': {'name': 'Sala Piccola', 'tag': 'IN00164'}}
2026-01-13 23:31:14,458 - __main__ - INFO - Connecting to broker.
2026-01-13 23:39:03,453 - __main__ - INFO - {'header': {'text': 'Smart Station Entry'}, 'subheader': {'text': 'Avvicina il tuo qrcode al lettore'}, 'title': {'text': None}, 'body': {'text': None}, 'plc': {'id': 9900001}, 'server': {'proto': 'http', 'address': 'totem.padova', 'port': 8080, 'resource': '/ssc', 'enpoint-validation': '/ssc/api/location/opener'}, 'mqtt': {'broker': 'mqtt.back-iot.it', 'port': 1883, 'topic': 'ssc/reservation', 'client_id': 'IN00164', 'username': 'jackarian', 'password': 'knl3M00coj'}, 'station': {'name': 'Sala Piccola', 'tag': 'IN00164'}}
2026-01-13 23:39:03,463 - __main__ - INFO - Connecting to broker.
2026-01-13 23:39:48,356 - __main__ - INFO - {'header': {'text': 'Smart Station Entry'}, 'subheader': {'text': 'Avvicina il tuo qrcode al lettore'}, 'title': {'text': None}, 'body': {'text': None}, 'plc': {'id': 9900001}, 'server': {'proto': 'http', 'address': 'totem.padova', 'port': 8080, 'resource': '/ssc', 'enpoint-validation': '/ssc/api/location/opener'}, 'mqtt': {'broker': 'mqtt.back-iot.it', 'port': 1883, 'topic': 'ssc/reservation', 'client_id': 'IN00164', 'username': 'jackarian', 'password': 'knl3M00coj'}, 'station': {'name': 'Sala Piccola', 'tag': 'IN00164'}}
2026-01-13 23:39:48,365 - __main__ - INFO - Connecting to broker.
2026-01-13 23:41:08,274 - __main__ - INFO - {'header': {'text': 'Smart Station Entry'}, 'subheader': {'text': 'Avvicina il tuo qrcode al lettore'}, 'title': {'text': None}, 'body': {'text': None}, 'plc': {'id': 9900001}, 'server': {'proto': 'http', 'address': 'totem.padova', 'port': 8080, 'resource': '/ssc', 'enpoint-validation': '/ssc/api/location/opener'}, 'mqtt': {'broker': 'mqtt.back-iot.it', 'port': 1883, 'topic': 'ssc/reservation', 'client_id': 'IN00164', 'username': 'jackarian', 'password': 'knl3M00coj'}, 'station': {'name': 'Sala Piccola', 'tag': 'IN00164'}}
2026-01-13 23:41:08,282 - __main__ - INFO - Connecting to broker.
2026-01-13 23:41:42,763 - __main__ - INFO - {'header': {'text': 'Smart Station Entry'}, 'subheader': {'text': 'Avvicina il tuo qrcode al lettore'}, 'title': {'text': None}, 'body': {'text': None}, 'plc': {'id': 9900001}, 'server': {'proto': 'http', 'address': 'totem.padova', 'port': 8080, 'resource': '/ssc', 'enpoint-validation': '/ssc/api/location/opener'}, 'mqtt': {'broker': 'mqtt.back-iot.it', 'port': 1883, 'topic': 'ssc/reservation', 'client_id': 'IN00164', 'username': 'jackarian', 'password': 'knl3M00coj'}, 'station': {'name': 'Sala Piccola', 'tag': 'IN00164'}}
2026-01-13 23:41:42,772 - __main__ - INFO - Connecting to broker.
2026-01-13 23:42:54,540 - __main__ - INFO - {'header': {'text': 'Smart Station Entry'}, 'subheader': {'text': 'Avvicina il tuo qrcode al lettore'}, 'title': {'text': None}, 'body': {'text': None}, 'plc': {'id': 9900001}, 'server': {'proto': 'http', 'address': 'totem.local', 'port': 8080, 'resource': '/ssc', 'enpoint-validation': '/ssc/api/location/opener'}, 'mqtt': {'broker': 'mqtt.back-iot.it', 'port': 1883, 'topic': 'ssc/reservation', 'client_id': 'IN00164', 'username': 'jackarian', 'password': 'knl3M00coj'}, 'station': {'name': 'Sala Piccola', 'tag': 'IN00164'}}
2026-01-13 23:42:54,549 - __main__ - INFO - Connecting to broker.
2026-01-13 23:42:58,339 - __main__ - INFO - <Response [200]>
2026-01-13 23:43:45,454 - __main__ - INFO - {'header': {'text': 'Smart Station Entry'}, 'subheader': {'text': 'Avvicina il tuo qrcode al lettore'}, 'title': {'text': None}, 'body': {'text': None}, 'plc': {'id': 9900001}, 'server': {'proto': 'http', 'address': 'totem.local', 'port': 8080, 'resource': '/ssc', 'enpoint-validation': '/ssc/api/location/opener'}, 'mqtt': {'broker': 'mqtt.back-iot.it', 'port': 1883, 'topic': 'ssc/reservation', 'client_id': 'IN00164', 'username': 'jackarian', 'password': 'knl3M00coj'}, 'station': {'name': 'Sala Piccola', 'tag': 'IN00164'}}
2026-01-13 23:43:45,462 - __main__ - INFO - Connecting to broker.
2026-01-13 23:43:45,729 - __main__ - INFO - <Response [200]>
2026-01-13 23:46:40,466 - __main__ - INFO - {'header': {'text': 'Smart Station Entry'}, 'subheader': {'text': 'Avvicina il tuo qrcode al lettore'}, 'title': {'text': None}, 'body': {'text': None}, 'plc': {'id': 9900001}, 'server': {'proto': 'http', 'address': 'totem.local', 'port': 8080, 'resource': '/ssc', 'enpoint-validation': '/ssc/api/location/opener'}, 'mqtt': {'broker': 'mqtt.back-iot.it', 'port': 1883, 'topic': 'ssc/reservation', 'client_id': 'IN00164', 'username': 'jackarian', 'password': 'knl3M00coj'}, 'station': {'name': 'Sala Piccola', 'tag': 'IN00164'}}
2026-01-13 23:46:40,475 - __main__ - INFO - Connecting to broker.
2026-01-13 23:46:40,749 - __main__ - INFO - <Response [200]>
2026-01-13 23:55:18,061 - __main__ - INFO - {'header': {'text': 'Smart Station Entry'}, 'subheader': {'text': 'Avvicina il tuo qrcode al lettore'}, 'title': {'text': None}, 'body': {'text': None}, 'plc': {'id': 9900001}, 'server': {'proto': 'http', 'address': 'totem.local', 'port': 8080, 'resource': '/ssc', 'enpoint-validation': '/ssc/api/location/opener'}, 'mqtt': {'broker': 'mqtt.back-iot.it', 'port': 1883, 'topic': 'ssc/reservation', 'client_id': 'IN00164', 'username': 'jackarian', 'password': 'knl3M00coj'}, 'station': {'name': 'Sala Piccola', 'tag': 'IN00164'}}
2026-01-13 23:55:18,068 - __main__ - INFO - Connecting to broker.
2026-01-13 23:55:18,337 - __main__ - INFO - <Response [200]>
2026-01-19 13:04:51,573 - __main__ - INFO - {'header': {'text': 'Smart Station Entry'}, 'subheader': {'text': 'Avvicina il tuo qrcode al lettore'}, 'title': {'text': None}, 'body': {'text': None}, 'plc': {'id': 9900001}, 'server': {'proto': 'http', 'address': 'totem.local', 'port': 8080, 'resource': '/ssc', 'enpoint-validation': '/ssc/api/location/opener'}, 'mqtt': {'broker': 'mqtt.back-iot.it', 'port': 1883, 'topic': 'ssc/reservation', 'client_id': 'IN00164', 'username': 'jackarian', 'password': 'knl3M00coj'}, 'station': {'name': 'Sala Piccola', 'tag': 'IN00164'}}
2026-01-19 13:04:51,593 - __main__ - INFO - Connecting to broker.
2026-01-19 13:04:51,617 - __main__ - ERROR - None
2026-01-19 13:04:56,870 - __main__ - ERROR - Connection to ws://totem.local:8080/ssc/prenostazione-risorse/websocket timed out
